2025-02-25 20:09:56 - User viewed assets page
2025-02-25 20:09:56 - User fetched warranty alerts
2025-02-25 20:09:57 - User viewed assets page
2025-02-25 20:09:57 - User fetched warranty alerts
2025-02-25 20:09:57 - User viewed assets page
2025-02-25 20:09:57 - User fetched warranty alerts
2025-02-25 20:09:57 - User viewed assets page
2025-02-25 20:09:57 - User fetched warranty alerts
2025-02-25 20:09:58 - User viewed assets page
2025-02-25 20:09:58 - User fetched warranty alerts
2025-02-25 20:09:59 - User accessed dashboard
2025-02-25 20:09:59 - User fetched warranty alerts
2025-02-25 20:10:00 - User accessed dashboard
2025-02-25 20:10:00 - User fetched warranty alerts
2025-02-25 20:10:00 - User viewed assets page
2025-02-25 20:10:00 - User fetched warranty alerts
2025-02-25 20:10:02 - User viewed assets page
2025-02-25 20:10:02 - User fetched warranty alerts
2025-02-25 20:10:02 - User accessed dashboard
2025-02-25 20:10:02 - User fetched warranty alerts
2025-02-25 20:10:02 - User viewed assets page
2025-02-25 20:10:02 - User fetched warranty alerts
2025-02-25 20:10:59 - User viewed assets page
2025-02-25 20:10:59 - User fetched warranty alerts
2025-02-25 20:10:59 - User viewed assets page
2025-02-25 20:10:59 - User fetched warranty alerts
2025-02-25 20:11:00 - User viewed assets page
2025-02-25 20:11:00 - User fetched warranty alerts
2025-02-25 20:11:00 - User viewed assets page
2025-02-25 20:11:00 - User fetched warranty alerts
2025-02-25 20:12:45 - User viewed assets page
2025-02-25 20:12:45 - User fetched warranty alerts
2025-02-25 20:12:46 - User viewed assets page
2025-02-25 20:12:46 - User fetched warranty alerts
2025-02-25 20:12:46 - User viewed assets page
2025-02-25 20:12:46 - User fetched warranty alerts
2025-02-25 20:12:46 - User viewed assets page
2025-02-25 20:12:46 - User fetched warranty alerts
2025-02-25 20:12:47 - User fetched warranty alerts
2025-02-25 20:12:48 - User viewed assets page
2025-02-25 20:12:49 - User viewed assets page
2025-02-25 20:12:49 - User fetched warranty alerts
2025-02-25 20:12:49 - User accessed dashboard
2025-02-25 20:12:49 - User fetched warranty alerts
2025-02-25 20:12:50 - User viewed assets page
2025-02-25 20:12:50 - User fetched warranty alerts
2025-02-25 20:12:50 - User accessed dashboard
2025-02-25 20:12:50 - User fetched warranty alerts
2025-02-25 20:12:52 - User viewed assets page
2025-02-25 20:12:52 - User fetched warranty alerts
2025-02-25 20:12:53 - User viewed assets page
2025-02-25 20:12:53 - User fetched warranty alerts
2025-02-25 20:13:03 - User viewed assets page
2025-02-25 20:13:03 - User fetched warranty alerts
2025-02-25 20:13:03 - User accessed dashboard
2025-02-25 20:13:03 - User fetched warranty alerts
2025-02-25 20:13:04 - User accessed dashboard
2025-02-25 20:13:04 - User fetched warranty alerts
2025-02-25 20:13:13 - User viewed assets page
2025-02-25 20:13:13 - User fetched warranty alerts
2025-02-25 20:13:21 - User fetched warranty alerts
2025-02-25 20:13:28 - User confirmed asset details for editing: Asset ID 11
2025-02-25 20:13:28 - User fetched warranty alerts
2025-02-25 20:13:32 - User updated asset: Asset ID 11
2025-02-25 20:13:32 - User viewed assets page
2025-02-25 20:13:33 - User fetched warranty alerts
2025-02-25 20:13:39 - User fetched warranty alerts
2025-02-25 20:13:44 - User confirmed asset details for editing: Asset ID 11
2025-02-25 20:13:44 - User fetched warranty alerts
2025-02-25 20:13:46 - User updated asset: Asset ID 11
2025-02-25 20:13:47 - User viewed assets page
2025-02-25 20:13:47 - User fetched warranty alerts
2025-02-25 20:14:44 - User fetched warranty alerts
2025-02-25 20:15:49 - User added new asset: Asset Code COM-SAL-26022025-2
2025-02-25 20:15:50 - User viewed assets page
2025-02-25 20:15:50 - User fetched warranty alerts
2025-02-25 20:18:08 - User viewed assets page
2025-02-25 20:18:08 - User fetched warranty alerts
2025-02-25 20:18:27 - User viewed assets page
2025-02-25 20:18:27 - User fetched warranty alerts
2025-02-25 21:03:35 - User viewed assets page
2025-02-25 21:03:41 - User viewed assets page
2025-02-25 21:03:45 - User viewed assets page
2025-02-25 21:03:51 - User viewed assets page
2025-02-25 21:03:52 - User viewed assets page
2025-02-25 21:07:43 - User viewed assets page
2025-02-25 21:11:01 - User viewed assets page
2025-02-25 21:12:24 - User viewed assets page
2025-02-25 21:12:25 - User viewed assets page
2025-02-25 21:13:06 - User viewed assets page
2025-02-25 21:13:39 - User viewed assets page
2025-02-25 21:13:55 - User viewed assets page
2025-02-25 21:13:55 - User viewed assets page
2025-02-25 21:13:55 - User viewed assets page
2025-02-25 21:13:55 - User viewed assets page
2025-02-25 21:13:56 - User viewed assets page
2025-02-25 21:13:56 - User viewed assets page
2025-02-25 21:13:56 - User viewed assets page
2025-02-25 21:13:56 - User viewed assets page
2025-02-25 21:14:11 - User viewed assets page
2025-02-25 21:14:12 - User viewed assets page
2025-02-25 21:15:51 - User viewed assets page
2025-02-25 21:15:52 - User viewed assets page
2025-02-25 21:15:54 - User viewed assets page
2025-02-25 21:16:18 - User viewed assets page
2025-02-25 21:17:52 - User viewed assets page
2025-02-25 21:18:21 - User viewed assets page
2025-02-25 21:18:47 - User viewed assets page
2025-02-25 21:21:14 - User viewed view assets
2025-02-25 21:24:57 - User viewed view assets
2025-02-25 21:25:01 - User viewed view assets
2025-02-25 21:25:36 - User viewed view assets
2025-02-25 21:26:39 - User viewed view assets
2025-02-25 21:26:49 - User viewed view assets
2025-02-25 21:27:08 - User viewed view assets
2025-02-25 21:27:18 - User viewed view assets
2025-02-25 21:27:34 - User viewed view assets
2025-02-25 21:27:34 - User viewed view assets
2025-02-25 21:27:35 - User viewed view assets
2025-02-25 21:27:35 - User viewed view assets
2025-02-25 21:27:36 - User viewed view assets
2025-02-25 21:27:36 - User viewed view assets
2025-02-25 21:27:37 - User viewed view assets
2025-02-25 21:27:37 - User viewed view assets
2025-02-25 21:27:37 - User viewed view assets
2025-02-25 21:27:37 - User viewed view assets
2025-02-25 21:27:37 - User viewed view assets
2025-02-25 21:27:37 - User viewed view assets
2025-02-25 21:27:38 - User viewed view assets
2025-02-25 21:27:38 - User viewed view assets
2025-02-25 21:27:38 - User viewed view assets
2025-02-25 21:27:38 - User viewed view assets
2025-02-25 21:27:39 - User viewed view assets
2025-02-25 21:27:39 - User viewed view assets
2025-02-25 21:27:40 - User viewed view assets
2025-02-25 21:29:00 - User viewed view assets
2025-02-25 21:29:01 - User viewed view assets
2025-02-25 21:29:02 - User viewed view assets
2025-02-25 21:29:03 - User viewed view assets
2025-02-25 21:29:04 - User viewed view assets
2025-02-25 21:29:05 - User viewed view assets
2025-02-25 21:29:06 - User viewed view assets
2025-02-25 21:29:07 - User viewed view assets
2025-02-25 21:29:07 - User viewed view assets
2025-02-25 21:29:07 - User viewed view assets
2025-02-25 21:29:07 - User viewed view assets
2025-02-25 21:29:08 - User viewed view assets
2025-02-25 21:29:08 - User viewed view assets
2025-02-25 21:29:08 - User viewed view assets
2025-02-25 21:29:08 - User viewed view assets
2025-02-25 21:29:09 - User viewed view assets
2025-02-25 21:29:10 - User viewed view assets
2025-02-25 21:29:10 - User viewed view assets
2025-02-25 21:29:10 - User viewed view assets
2025-02-25 21:29:11 - User viewed view assets
2025-02-25 21:29:13 - User viewed view assets
2025-02-25 21:29:13 - User viewed view assets
2025-02-25 21:29:14 - User viewed view assets
2025-02-25 21:29:15 - User viewed view assets
2025-02-25 21:29:15 - User viewed view assets
2025-02-25 21:29:15 - User viewed view assets
2025-02-25 21:29:15 - User viewed view assets
2025-02-25 21:29:15 - User viewed view assets
2025-02-25 21:29:15 - User viewed view assets
2025-02-25 21:29:17 - User viewed view assets
2025-02-25 21:29:17 - User viewed view assets
2025-02-25 21:29:18 - User viewed view assets
2025-02-25 21:29:18 - User viewed view assets
2025-02-25 21:29:18 - User viewed view assets
2025-02-25 21:29:19 - User viewed view assets
2025-02-25 21:29:19 - User viewed view assets
2025-02-25 21:29:20 - User viewed view assets
2025-02-25 21:29:20 - User viewed view assets
2025-02-25 21:29:20 - User viewed view assets
2025-02-25 21:29:20 - User viewed view assets
2025-02-25 21:29:20 - User viewed view assets
2025-02-25 21:29:20 - User viewed view assets
2025-02-25 21:29:21 - User viewed view assets
2025-02-25 21:29:21 - User viewed view assets
2025-02-25 21:29:21 - User viewed view assets
2025-02-25 21:29:21 - User viewed view assets
2025-02-25 21:29:23 - User viewed view assets
2025-02-25 21:29:23 - User viewed view assets
2025-02-25 21:29:23 - User viewed view assets
2025-02-25 21:29:54 - User viewed view assets
2025-02-25 21:29:54 - User viewed view assets
2025-02-25 21:29:54 - User viewed view assets
2025-02-25 21:29:54 - User viewed view assets
2025-02-25 21:29:55 - User viewed view assets
2025-02-25 21:30:04 - User viewed view assets
2025-02-25 21:30:05 - User viewed view assets
2025-02-25 21:30:06 - User viewed view assets
2025-02-25 21:30:06 - User viewed view assets
2025-02-25 21:30:07 - User viewed view assets
2025-02-25 21:30:07 - User viewed view assets
2025-02-25 21:30:08 - User viewed view assets
2025-02-25 21:30:09 - User viewed view assets
2025-02-25 21:30:09 - User viewed view assets
2025-02-25 21:30:11 - User viewed view assets
2025-02-25 21:30:11 - User viewed view assets
2025-02-25 21:30:11 - User viewed view assets
2025-02-25 21:30:13 - User viewed view assets
2025-02-25 21:30:13 - User viewed view assets
2025-02-25 21:30:13 - User viewed view assets
2025-02-25 21:30:14 - User viewed view assets
2025-02-25 21:30:14 - User viewed view assets
2025-02-25 21:30:14 - User viewed view assets
2025-02-25 21:30:15 - User viewed view assets
2025-02-25 21:30:16 - User viewed view assets
2025-02-25 21:30:16 - User viewed view assets
2025-02-25 21:30:17 - User viewed view assets
2025-02-25 21:30:18 - User viewed view assets
2025-02-25 21:30:20 - User viewed view assets
2025-02-25 21:30:26 - User viewed view assets
2025-02-25 21:30:27 - User viewed view assets
2025-02-25 21:30:28 - User viewed view assets
2025-02-25 21:30:30 - User viewed view assets
2025-02-25 21:30:50 - User viewed view assets
2025-02-25 21:30:52 - User viewed view assets
2025-02-25 21:30:53 - User viewed view assets
2025-02-25 21:30:56 - User viewed view assets
2025-02-25 21:30:57 - User viewed view assets
2025-02-25 21:30:58 - User viewed view assets
2025-02-25 21:30:58 - User viewed view assets
2025-02-25 21:31:06 - User viewed view assets
2025-02-25 21:31:15 - User viewed view assets
2025-02-25 21:31:16 - User viewed view assets
2025-02-25 21:31:16 - User viewed view assets
2025-02-25 21:31:22 - User viewed view assets
2025-02-25 21:31:26 - User viewed view assets
2025-02-25 21:31:35 - User viewed view assets
2025-02-25 21:31:49 - User viewed view assets
2025-02-25 21:31:49 - User viewed view assets
2025-02-25 21:31:50 - User viewed view assets
2025-02-25 21:31:50 - User viewed view assets
2025-02-25 21:32:03 - User viewed view assets
2025-02-25 21:32:04 - User viewed view assets
2025-02-25 21:32:04 - User viewed view assets
2025-02-25 21:32:10 - User viewed view assets
2025-02-25 21:32:12 - User viewed view assets
2025-02-25 21:32:13 - User viewed view assets
2025-02-25 21:32:13 - User viewed view assets
2025-02-25 21:32:13 - User viewed view assets
2025-02-25 21:32:14 - User viewed view assets
2025-02-25 21:32:29 - User viewed view assets
2025-02-25 21:32:41 - User viewed view assets
2025-02-25 21:32:42 - User viewed view assets
2025-02-25 21:32:42 - User viewed view assets
2025-02-25 21:32:42 - User viewed view assets
2025-02-25 21:32:42 - User viewed view assets
2025-02-25 21:32:43 - User viewed view assets
2025-02-25 21:33:07 - User viewed view assets
2025-02-25 21:33:08 - User viewed view assets
2025-02-25 21:33:08 - User viewed view assets
2025-02-25 21:33:08 - User viewed view assets
2025-02-25 21:33:26 - User viewed view assets
2025-02-25 21:33:27 - User viewed view assets
2025-02-25 21:33:27 - User viewed view assets
2025-02-25 21:33:32 - User viewed view assets
2025-02-25 21:33:40 - User viewed view assets
2025-02-25 21:33:41 - User viewed view assets
2025-02-25 21:33:41 - User viewed view assets
2025-02-25 21:33:41 - User viewed view assets
2025-02-25 21:33:41 - User viewed view assets
2025-02-25 21:33:41 - User viewed view assets
2025-02-25 21:33:42 - User viewed view assets
2025-02-25 21:33:50 - User viewed view assets
2025-02-25 21:34:00 - User viewed view assets
2025-02-25 21:34:00 - User viewed view assets
2025-02-25 21:34:01 - User viewed view assets
2025-02-25 21:34:01 - User viewed view assets
2025-02-25 21:34:01 - User viewed view assets
2025-02-25 21:34:01 - User viewed view assets
2025-02-25 21:35:04 - User viewed view assets
2025-02-25 21:35:04 - User viewed view assets
2025-02-25 21:35:42 - User viewed view assets
2025-02-25 21:35:43 - User viewed view assets
2025-02-25 21:35:43 - User viewed view assets
2025-02-25 21:35:43 - User viewed view assets
2025-02-25 21:35:48 - User viewed view assets
2025-02-25 21:35:48 - User viewed view assets
2025-02-25 21:35:55 - User viewed view assets
2025-02-25 21:35:56 - User viewed view assets
2025-02-25 21:36:05 - User viewed view assets
2025-02-25 21:42:51 - User viewed view assets
2025-02-25 21:45:57 - User viewed view assets
2025-02-25 21:45:57 - User viewed view assets
2025-02-25 21:45:58 - User viewed view assets
2025-02-25 21:45:58 - User viewed view assets
2025-02-25 21:46:12 - User viewed view assets
2025-02-25 21:46:24 - User viewed view assets
2025-02-25 21:46:24 - User viewed view assets
2025-02-25 21:46:37 - User viewed view assets
2025-02-25 21:46:37 - User viewed view assets
2025-02-25 21:46:37 - User viewed view assets
2025-02-25 21:46:38 - User viewed view assets
2025-02-25 21:49:14 - User viewed view assets
2025-02-25 21:49:45 - User viewed view assets
2025-02-25 21:53:12 - User viewed view assets
2025-02-25 21:57:00 - User viewed view assets
2025-02-25 21:58:04 - User viewed view assets
2025-02-25 22:02:01 - User viewed view assets
2025-02-25 22:05:07 - User viewed view assets
2025-02-25 22:05:07 - User viewed view assets
2025-02-25 22:05:07 - User viewed view assets
2025-02-25 22:07:07 - User viewed view assets
2025-02-25 22:08:18 - User viewed view assets
2025-02-25 22:08:22 - User viewed view assets
2025-02-25 22:08:23 - User viewed view assets
2025-02-25 22:08:24 - User viewed view assets
2025-02-25 22:08:51 - User viewed view assets
2025-02-25 22:09:00 - User viewed view assets
2025-02-25 22:09:01 - User viewed view assets
2025-02-25 22:09:01 - User viewed view assets
2025-02-25 22:09:02 - User viewed view assets
2025-02-25 22:09:04 - User viewed view assets
2025-02-25 22:09:06 - User viewed view assets
2025-02-25 22:09:06 - User viewed view assets
2025-02-25 22:09:07 - User viewed view assets
2025-02-25 22:09:48 - User viewed view assets
2025-02-25 22:10:19 - User viewed view assets
